This file contains any messages produced by compilers while
running configure, to aid debugging if configure makes a mistake.

It was created by configure, which was
generated by GNU Autoconf 2.69.  Invocation command line was

  $ ./configure 

## --------- ##
## Platform. ##
## --------- ##

hostname = jiaxu-ThinkPad-T470
uname -m = x86_64
uname -r = 4.15.0-43-generic
uname -s = Linux
uname -v = #46~16.04.1-Ubuntu SMP Fri Dec 7 13:31:08 UTC 2018

/usr/bin/uname -p = unknown
/bin/uname -X     = unknown

/bin/arch              = unknown
/usr/bin/arch -k       = unknown
/usr/convex/getsysinfo = unknown
/usr/bin/hostinfo      = unknown
/bin/machine           = unknown
/usr/bin/oslevel       = unknown
/bin/universe          = unknown

PATH: /opt/ros/kinetic/share/euslisp/jskeus/eus//Linux64/bin
PATH: /opt/ros/kinetic/bin
PATH: /home/mingfei/bin
PATH: /home/mingfei/.local/bin
PATH: /usr/local/sbin
PATH: /usr/local/bin
PATH: /usr/sbin
PATH: /usr/bin
PATH: /sbin
PATH: /bin
PATH: /usr/games
PATH: /usr/local/games
PATH: /snap/bin


## ----------- ##
## Core tests. ##
## ----------- ##

configure:2297: checking for a BSD-compatible install
configure:2365: result: /usr/bin/install -c
configure:2376: checking whether build environment is sane
configure:2431: result: yes
configure:2469: WARNING: 'missing' script is too old or missing
configure:2582: checking for a thread-safe mkdir -p
configure:2621: result: /bin/mkdir -p
configure:2628: checking for gawk
configure:2658: result: no
configure:2628: checking for mawk
configure:2644: found /usr/bin/mawk
configure:2655: result: mawk
configure:2666: checking whether make sets $(MAKE)
configure:2688: result: yes
configure:2717: checking whether make supports nested variables
configure:2734: result: yes
configure:2909: checking for gcc
configure:2925: found /usr/bin/gcc
configure:2936: result: gcc
configure:3165: checking for C compiler version
configure:3174: gcc --version >&5
gcc (Ubuntu 5.4.0-6ubuntu1~16.04.11) 5.4.0 20160609
Copyright (C) 2015 Free Software Foundation, Inc.
This is free software; see the source for copying conditions.  There is NO
warranty; not even for MERCHANTABILITY or FITNESS FOR A PARTICULAR PURPOSE.

configure:3185: $? = 0
configure:3174: gcc -v >&5
Using built-in specs.
COLLECT_GCC=gcc
COLLECT_LTO_WRAPPER=/usr/lib/gcc/x86_64-linux-gnu/5/lto-wrapper
Target: x86_64-linux-gnu
Configured with: ../src/configure -v --with-pkgversion='Ubuntu 5.4.0-6ubuntu1~16.04.11' --with-bugurl=file:///usr/share/doc/gcc-5/README.Bugs --enable-languages=c,ada,c++,java,go,d,fortran,objc,obj-c++ --prefix=/usr --program-suffix=-5 --enable-shared --enable-linker-build-id --libexecdir=/usr/lib --without-included-gettext --enable-threads=posix --libdir=/usr/lib --enable-nls --with-sysroot=/ --enable-clocale=gnu --enable-libstdcxx-debug --enable-libstdcxx-time=yes --with-default-libstdcxx-abi=new --enable-gnu-unique-object --disable-vtable-verify --enable-libmpx --enable-plugin --with-system-zlib --disable-browser-plugin --enable-java-awt=gtk --enable-gtk-cairo --with-java-home=/usr/lib/jvm/java-1.5.0-gcj-5-amd64/jre --enable-java-home --with-jvm-root-dir=/usr/lib/jvm/java-1.5.0-gcj-5-amd64 --with-jvm-jar-dir=/usr/lib/jvm-exports/java-1.5.0-gcj-5-amd64 --with-arch-directory=amd64 --with-ecj-jar=/usr/share/java/eclipse-ecj.jar --enable-objc-gc --enable-multiarch --disable-werror --with-arch-32=i686 --with-abi=m64 --with-multilib-list=m32,m64,mx32 --enable-multilib --with-tune=generic --enable-checking=release --build=x86_64-linux-gnu --host=x86_64-linux-gnu --target=x86_64-linux-gnu
Thread model: posix
gcc version 5.4.0 20160609 (Ubuntu 5.4.0-6ubuntu1~16.04.11) 
configure:3185: $? = 0
configure:3174: gcc -V >&5
gcc: error: unrecognized command line option '-V'
gcc: fatal error: no input files
compilation terminated.
configure:3185: $? = 1
configure:3174: gcc -qversion >&5
gcc: error: unrecognized command line option '-qversion'
gcc: fatal error: no input files
compilation terminated.
configure:3185: $? = 1
configure:3205: checking whether the C compiler works
configure:3227: gcc    conftest.c  >&5
configure:3231: $? = 0
configure:3279: result: yes
configure:3282: checking for C compiler default output file name
configure:3284: result: a.out
configure:3290: checking for suffix of executables
configure:3297: gcc -o conftest    conftest.c  >&5
configure:3301: $? = 0
configure:3323: result: 
configure:3345: checking whether we are cross compiling
configure:3353: gcc -o conftest    conftest.c  >&5
configure:3357: $? = 0
configure:3364: ./conftest
configure:3368: $? = 0
configure:3383: result: no
configure:3388: checking for suffix of object files
configure:3410: gcc -c   conftest.c >&5
configure:3414: $? = 0
configure:3435: result: o
configure:3439: checking whether we are using the GNU C compiler
configure:3458: gcc -c   conftest.c >&5
configure:3458: $? = 0
configure:3467: result: yes
configure:3476: checking whether gcc accepts -g
configure:3496: gcc -c -g  conftest.c >&5
configure:3496: $? = 0
configure:3537: result: yes
configure:3554: checking for gcc option to accept ISO C89
configure:3617: gcc  -c -g -O2  conftest.c >&5
configure:3617: $? = 0
configure:3630: result: none needed
configure:3655: checking whether gcc understands -c and -o together
configure:3677: gcc -c conftest.c -o conftest2.o
configure:3680: $? = 0
configure:3677: gcc -c conftest.c -o conftest2.o
configure:3680: $? = 0
configure:3692: result: yes
configure:3720: checking for style of include used by make
configure:3748: result: GNU
configure:3774: checking dependency style of gcc
configure:3885: result: none
configure:3905: checking how to run the C preprocessor
configure:3936: gcc -E  conftest.c
configure:3936: $? = 0
configure:3950: gcc -E  conftest.c
conftest.c:11:28: fatal error: ac_nonexistent.h: No such file or directory
compilation terminated.
configure:3950: $? = 1
configure: failed program was:
| /* confdefs.h */
| #define PACKAGE_NAME ""
| #define PACKAGE_TARNAME ""
| #define PACKAGE_VERSION ""
| #define PACKAGE_STRING ""
| #define PACKAGE_BUGREPORT ""
| #define PACKAGE_URL ""
| #define PACKAGE "torcs"
| #define VERSION "1.3.4"
| /* end confdefs.h.  */
| #include <ac_nonexistent.h>
configure:3975: result: gcc -E
configure:3995: gcc -E  conftest.c
configure:3995: $? = 0
configure:4009: gcc -E  conftest.c
conftest.c:11:28: fatal error: ac_nonexistent.h: No such file or directory
compilation terminated.
configure:4009: $? = 1
configure: failed program was:
| /* confdefs.h */
| #define PACKAGE_NAME ""
| #define PACKAGE_TARNAME ""
| #define PACKAGE_VERSION ""
| #define PACKAGE_STRING ""
| #define PACKAGE_BUGREPORT ""
| #define PACKAGE_URL ""
| #define PACKAGE "torcs"
| #define VERSION "1.3.4"
| /* end confdefs.h.  */
| #include <ac_nonexistent.h>
configure:4103: checking for g++
configure:4119: found /usr/bin/g++
configure:4130: result: g++
configure:4157: checking for C++ compiler version
configure:4166: g++ --version >&5
g++ (Ubuntu 5.4.0-6ubuntu1~16.04.11) 5.4.0 20160609
Copyright (C) 2015 Free Software Foundation, Inc.
This is free software; see the source for copying conditions.  There is NO
warranty; not even for MERCHANTABILITY or FITNESS FOR A PARTICULAR PURPOSE.

configure:4177: $? = 0
configure:4166: g++ -v >&5
Using built-in specs.
COLLECT_GCC=g++
COLLECT_LTO_WRAPPER=/usr/lib/gcc/x86_64-linux-gnu/5/lto-wrapper
Target: x86_64-linux-gnu
Configured with: ../src/configure -v --with-pkgversion='Ubuntu 5.4.0-6ubuntu1~16.04.11' --with-bugurl=file:///usr/share/doc/gcc-5/README.Bugs --enable-languages=c,ada,c++,java,go,d,fortran,objc,obj-c++ --prefix=/usr --program-suffix=-5 --enable-shared --enable-linker-build-id --libexecdir=/usr/lib --without-included-gettext --enable-threads=posix --libdir=/usr/lib --enable-nls --with-sysroot=/ --enable-clocale=gnu --enable-libstdcxx-debug --enable-libstdcxx-time=yes --with-default-libstdcxx-abi=new --enable-gnu-unique-object --disable-vtable-verify --enable-libmpx --enable-plugin --with-system-zlib --disable-browser-plugin --enable-java-awt=gtk --enable-gtk-cairo --with-java-home=/usr/lib/jvm/java-1.5.0-gcj-5-amd64/jre --enable-java-home --with-jvm-root-dir=/usr/lib/jvm/java-1.5.0-gcj-5-amd64 --with-jvm-jar-dir=/usr/lib/jvm-exports/java-1.5.0-gcj-5-amd64 --with-arch-directory=amd64 --with-ecj-jar=/usr/share/java/eclipse-ecj.jar --enable-objc-gc --enable-multiarch --disable-werror --with-arch-32=i686 --with-abi=m64 --with-multilib-list=m32,m64,mx32 --enable-multilib --with-tune=generic --enable-checking=release --build=x86_64-linux-gnu --host=x86_64-linux-gnu --target=x86_64-linux-gnu
Thread model: posix
gcc version 5.4.0 20160609 (Ubuntu 5.4.0-6ubuntu1~16.04.11) 
configure:4177: $? = 0
configure:4166: g++ -V >&5
g++: error: unrecognized command line option '-V'
g++: fatal error: no input files
compilation terminated.
configure:4177: $? = 1
configure:4166: g++ -qversion >&5
g++: error: unrecognized command line option '-qversion'
g++: fatal error: no input files
compilation terminated.
configure:4177: $? = 1
configure:4181: checking whether we are using the GNU C++ compiler
configure:4200: g++ -c   conftest.cpp >&5
configure:4200: $? = 0
configure:4209: result: yes
configure:4218: checking whether g++ accepts -g
configure:4238: g++ -c -g  conftest.cpp >&5
configure:4238: $? = 0
configure:4279: result: yes
configure:4304: checking dependency style of g++
configure:4415: result: none
configure:4473: checking for ranlib
configure:4489: found /usr/bin/ranlib
configure:4500: result: ranlib
configure:4530: checking how to run the C++ preprocessor
configure:4557: g++ -E  conftest.cpp
configure:4557: $? = 0
configure:4571: g++ -E  conftest.cpp
conftest.cpp:11:28: fatal error: ac_nonexistent.h: No such file or directory
compilation terminated.
configure:4571: $? = 1
configure: failed program was:
| /* confdefs.h */
| #define PACKAGE_NAME ""
| #define PACKAGE_TARNAME ""
| #define PACKAGE_VERSION ""
| #define PACKAGE_STRING ""
| #define PACKAGE_BUGREPORT ""
| #define PACKAGE_URL ""
| #define PACKAGE "torcs"
| #define VERSION "1.3.4"
| /* end confdefs.h.  */
| #include <ac_nonexistent.h>
configure:4596: result: g++ -E
configure:4616: g++ -E  conftest.cpp
configure:4616: $? = 0
configure:4630: g++ -E  conftest.cpp
conftest.cpp:11:28: fatal error: ac_nonexistent.h: No such file or directory
compilation terminated.
configure:4630: $? = 1
configure: failed program was:
| /* confdefs.h */
| #define PACKAGE_NAME ""
| #define PACKAGE_TARNAME ""
| #define PACKAGE_VERSION ""
| #define PACKAGE_STRING ""
| #define PACKAGE_BUGREPORT ""
| #define PACKAGE_URL ""
| #define PACKAGE "torcs"
| #define VERSION "1.3.4"
| /* end confdefs.h.  */
| #include <ac_nonexistent.h>
configure:4659: checking for grep that handles long lines and -e
configure:4717: result: /bin/grep
configure:4722: checking for egrep
configure:4784: result: /bin/grep -E
configure:4789: checking for ANSI C header files
configure:4809: g++ -c -g -O2  conftest.cpp >&5
configure:4809: $? = 0
configure:4882: g++ -o conftest -g -O2   conftest.cpp  >&5
configure:4882: $? = 0
configure:4882: ./conftest
configure:4882: $? = 0
configure:4893: result: yes
configure:4902: checking for an ANSI C-conforming const
configure:4968: g++ -c -g -O2  conftest.cpp >&5
configure:4968: $? = 0
configure:4975: result: yes
configure:4983: checking for inline
configure:4999: g++ -c -g -O2  conftest.cpp >&5
configure:4999: $? = 0
configure:5007: result: inline
configure:5025: checking whether time.h and sys/time.h may both be included
configure:5045: g++ -c -g -O2  conftest.cpp >&5
configure:5045: $? = 0
configure:5052: result: yes
configure:5063: checking for ar
configure:5091: result: ar
configure:5101: checking for ld
configure:5129: result: ld
configure:5143: checking for sys/types.h
configure:5143: g++ -c -g -O2  conftest.cpp >&5
configure:5143: $? = 0
configure:5143: result: yes
configure:5143: checking for sys/stat.h
configure:5143: g++ -c -g -O2  conftest.cpp >&5
configure:5143: $? = 0
configure:5143: result: yes
configure:5143: checking for stdlib.h
configure:5143: g++ -c -g -O2  conftest.cpp >&5
configure:5143: $? = 0
configure:5143: result: yes
configure:5143: checking for string.h
configure:5143: g++ -c -g -O2  conftest.cpp >&5
configure:5143: $? = 0
configure:5143: result: yes
configure:5143: checking for memory.h
configure:5143: g++ -c -g -O2  conftest.cpp >&5
configure:5143: $? = 0
configure:5143: result: yes
configure:5143: checking for strings.h
configure:5143: g++ -c -g -O2  conftest.cpp >&5
configure:5143: $? = 0
configure:5143: result: yes
configure:5143: checking for inttypes.h
configure:5143: g++ -c -g -O2  conftest.cpp >&5
configure:5143: $? = 0
configure:5143: result: yes
configure:5143: checking for stdint.h
configure:5143: g++ -c -g -O2  conftest.cpp >&5
configure:5143: $? = 0
configure:5143: result: yes
configure:5143: checking for unistd.h
configure:5143: g++ -c -g -O2  conftest.cpp >&5
configure:5143: $? = 0
configure:5143: result: yes
configure:5155: checking whether byte ordering is bigendian
configure:5170: g++ -c -g -O2  conftest.cpp >&5
conftest.cpp:23:9: error: expected unqualified-id before 'not' token
         not a universal capable compiler
         ^
configure:5170: $? = 1
configure: failed program was:
| /* confdefs.h */
| #define PACKAGE_NAME ""
| #define PACKAGE_TARNAME ""
| #define PACKAGE_VERSION ""
| #define PACKAGE_STRING ""
| #define PACKAGE_BUGREPORT ""
| #define PACKAGE_URL ""
| #define PACKAGE "torcs"
| #define VERSION "1.3.4"
| #define STDC_HEADERS 1
| #define TIME_WITH_SYS_TIME 1
| #define HAVE_SYS_TYPES_H 1
| #define HAVE_SYS_STAT_H 1
| #define HAVE_STDLIB_H 1
| #define HAVE_STRING_H 1
| #define HAVE_MEMORY_H 1
| #define HAVE_STRINGS_H 1
| #define HAVE_INTTYPES_H 1
| #define HAVE_STDINT_H 1
| #define HAVE_UNISTD_H 1
| /* end confdefs.h.  */
| #ifndef __APPLE_CC__
| 	       not a universal capable compiler
| 	     #endif
| 	     typedef int dummy;
| 
configure:5215: g++ -c -g -O2  conftest.cpp >&5
configure:5215: $? = 0
configure:5233: g++ -c -g -O2  conftest.cpp >&5
conftest.cpp: In function 'int main()':
conftest.cpp:29:8: error: 'big' was not declared in this scope
    not big endian
        ^
configure:5233: $? = 1
configure: failed program was:
| /* confdefs.h */
| #define PACKAGE_NAME ""
| #define PACKAGE_TARNAME ""
| #define PACKAGE_VERSION ""
| #define PACKAGE_STRING ""
| #define PACKAGE_BUGREPORT ""
| #define PACKAGE_URL ""
| #define PACKAGE "torcs"
| #define VERSION "1.3.4"
| #define STDC_HEADERS 1
| #define TIME_WITH_SYS_TIME 1
| #define HAVE_SYS_TYPES_H 1
| #define HAVE_SYS_STAT_H 1
| #define HAVE_STDLIB_H 1
| #define HAVE_STRING_H 1
| #define HAVE_MEMORY_H 1
| #define HAVE_STRINGS_H 1
| #define HAVE_INTTYPES_H 1
| #define HAVE_STDINT_H 1
| #define HAVE_UNISTD_H 1
| /* end confdefs.h.  */
| #include <sys/types.h>
| 		#include <sys/param.h>
| 
| int
| main ()
| {
| #if BYTE_ORDER != BIG_ENDIAN
| 		 not big endian
| 		#endif
| 
|   ;
|   return 0;
| }
configure:5361: result: no
configure:5380: checking for X
configure:5488: g++ -E  conftest.cpp
configure:5488: $? = 0
configure:5519: g++ -o conftest -g -O2   conftest.cpp -lX11  >&5
configure:5519: $? = 0
configure:5569: result: libraries , headers 
configure:5623: checking GL/gl.h usability
configure:5623: g++ -c -g -O2 -Wall -fPIC -fno-strict-aliasing -O2 -DUSE_RANDR_EXT -DGL_GLEXT_PROTOTYPES  conftest.cpp >&5
configure:5623: $? = 0
configure:5623: result: yes
configure:5623: checking GL/gl.h presence
configure:5623: g++ -E  conftest.cpp
configure:5623: $? = 0
configure:5623: result: yes
configure:5623: checking for GL/gl.h
configure:5623: result: yes
configure:5631: checking GL/glut.h usability
configure:5631: g++ -c -g -O2 -Wall -fPIC -fno-strict-aliasing -O2 -DUSE_RANDR_EXT -DGL_GLEXT_PROTOTYPES  conftest.cpp >&5
configure:5631: $? = 0
configure:5631: result: yes
configure:5631: checking GL/glut.h presence
configure:5631: g++ -E  conftest.cpp
configure:5631: $? = 0
configure:5631: result: yes
configure:5631: checking for GL/glut.h
configure:5631: result: yes
configure:5639: checking GL/glx.h usability
configure:5639: g++ -c -g -O2 -Wall -fPIC -fno-strict-aliasing -O2 -DUSE_RANDR_EXT -DGL_GLEXT_PROTOTYPES  conftest.cpp >&5
configure:5639: $? = 0
configure:5639: result: yes
configure:5639: checking GL/glx.h presence
configure:5639: g++ -E  conftest.cpp
configure:5639: $? = 0
configure:5639: result: yes
configure:5639: checking for GL/glx.h
configure:5639: result: yes
configure:5647: checking X11/Xlib.h usability
configure:5647: g++ -c -g -O2 -Wall -fPIC -fno-strict-aliasing -O2 -DUSE_RANDR_EXT -DGL_GLEXT_PROTOTYPES  conftest.cpp >&5
configure:5647: $? = 0
configure:5647: result: yes
configure:5647: checking X11/Xlib.h presence
configure:5647: g++ -E  conftest.cpp
configure:5647: $? = 0
configure:5647: result: yes
configure:5647: checking for X11/Xlib.h
configure:5647: result: yes
configure:5655: checking X11/Xatom.h usability
configure:5655: g++ -c -g -O2 -Wall -fPIC -fno-strict-aliasing -O2 -DUSE_RANDR_EXT -DGL_GLEXT_PROTOTYPES  conftest.cpp >&5
configure:5655: $? = 0
configure:5655: result: yes
configure:5655: checking X11/Xatom.h presence
configure:5655: g++ -E  conftest.cpp
configure:5655: $? = 0
configure:5655: result: yes
configure:5655: checking for X11/Xatom.h
configure:5655: result: yes
configure:5663: checking X11/keysym.h usability
configure:5663: g++ -c -g -O2 -Wall -fPIC -fno-strict-aliasing -O2 -DUSE_RANDR_EXT -DGL_GLEXT_PROTOTYPES  conftest.cpp >&5
configure:5663: $? = 0
configure:5663: result: yes
configure:5663: checking X11/keysym.h presence
configure:5663: g++ -E  conftest.cpp
configure:5663: $? = 0
configure:5663: result: yes
configure:5663: checking for X11/keysym.h
configure:5663: result: yes
configure:5671: checking plib/ssg.h usability
configure:5671: g++ -c -g -O2 -Wall -fPIC -fno-strict-aliasing -O2 -DUSE_RANDR_EXT -DGL_GLEXT_PROTOTYPES  conftest.cpp >&5
configure:5671: $? = 0
configure:5671: result: yes
configure:5671: checking plib/ssg.h presence
configure:5671: g++ -E  conftest.cpp
configure:5671: $? = 0
configure:5671: result: yes
configure:5671: checking for plib/ssg.h
configure:5671: result: yes
configure:5679: checking plib/ul.h usability
configure:5679: g++ -c -g -O2 -Wall -fPIC -fno-strict-aliasing -O2 -DUSE_RANDR_EXT -DGL_GLEXT_PROTOTYPES  conftest.cpp >&5
configure:5679: $? = 0
configure:5679: result: yes
configure:5679: checking plib/ul.h presence
configure:5679: g++ -E  conftest.cpp
configure:5679: $? = 0
configure:5679: result: yes
configure:5679: checking for plib/ul.h
configure:5679: result: yes
configure:5687: checking plib/ssgAux.h usability
configure:5687: g++ -c -g -O2 -Wall -fPIC -fno-strict-aliasing -O2 -DUSE_RANDR_EXT -DGL_GLEXT_PROTOTYPES  conftest.cpp >&5
configure:5687: $? = 0
configure:5687: result: yes
configure:5687: checking plib/ssgAux.h presence
configure:5687: g++ -E  conftest.cpp
configure:5687: $? = 0
configure:5687: result: yes
configure:5687: checking for plib/ssgAux.h
configure:5687: result: yes
configure:5695: checking plib/js.h usability
configure:5695: g++ -c -g -O2 -Wall -fPIC -fno-strict-aliasing -O2 -DUSE_RANDR_EXT -DGL_GLEXT_PROTOTYPES  conftest.cpp >&5
configure:5695: $? = 0
configure:5695: result: yes
configure:5695: checking plib/js.h presence
configure:5695: g++ -E  conftest.cpp
configure:5695: $? = 0
configure:5695: result: yes
configure:5695: checking for plib/js.h
configure:5695: result: yes
configure:5703: checking AL/al.h usability
configure:5703: g++ -c -g -O2 -Wall -fPIC -fno-strict-aliasing -O2 -DUSE_RANDR_EXT -DGL_GLEXT_PROTOTYPES  conftest.cpp >&5
configure:5703: $? = 0
configure:5703: result: yes
configure:5703: checking AL/al.h presence
configure:5703: g++ -E  conftest.cpp
configure:5703: $? = 0
configure:5703: result: yes
configure:5703: checking for AL/al.h
configure:5703: result: yes
configure:5711: checking AL/alut.h usability
configure:5711: g++ -c -g -O2 -Wall -fPIC -fno-strict-aliasing -O2 -DUSE_RANDR_EXT -DGL_GLEXT_PROTOTYPES  conftest.cpp >&5
configure:5711: $? = 0
configure:5711: result: yes
configure:5711: checking AL/alut.h presence
configure:5711: g++ -E  conftest.cpp
configure:5711: $? = 0
configure:5711: result: yes
configure:5711: checking for AL/alut.h
configure:5711: result: yes
configure:5719: checking vorbis/vorbisfile.h usability
configure:5719: g++ -c -g -O2 -Wall -fPIC -fno-strict-aliasing -O2 -DUSE_RANDR_EXT -DGL_GLEXT_PROTOTYPES  conftest.cpp >&5
configure:5719: $? = 0
configure:5719: result: yes
configure:5719: checking vorbis/vorbisfile.h presence
configure:5719: g++ -E  conftest.cpp
configure:5719: $? = 0
configure:5719: result: yes
configure:5719: checking for vorbis/vorbisfile.h
configure:5719: result: yes
configure:5733: checking for sin in -lm
configure:5758: g++ -o conftest -g -O2 -Wall -fPIC -fno-strict-aliasing -O2 -DUSE_RANDR_EXT -DGL_GLEXT_PROTOTYPES   conftest.cpp -lm   >&5
configure:5758: $? = 0
configure:5767: result: yes
configure:5785: checking for XOpenDisplay in -lX11
configure:5810: g++ -o conftest -g -O2 -Wall -fPIC -fno-strict-aliasing -O2 -DUSE_RANDR_EXT -DGL_GLEXT_PROTOTYPES   conftest.cpp -lX11  -lm  >&5
configure:5810: $? = 0
configure:5819: result: yes
configure:5832: checking for XShmCreateImage in -lXext
configure:5857: g++ -o conftest -g -O2 -Wall -fPIC -fno-strict-aliasing -O2 -DUSE_RANDR_EXT -DGL_GLEXT_PROTOTYPES   conftest.cpp -lXext  -lX11 -lm  >&5
configure:5857: $? = 0
configure:5866: result: yes
configure:5879: checking for IceSetIOErrorHandler in -lICE
configure:5904: g++ -o conftest -g -O2 -Wall -fPIC -fno-strict-aliasing -O2 -DUSE_RANDR_EXT -DGL_GLEXT_PROTOTYPES   conftest.cpp -lICE  -lXext -lX11 -lm  >&5
configure:5904: $? = 0
configure:5913: result: yes
configure:5926: checking for SmsSetErrorHandler in -lSM
configure:5951: g++ -o conftest -g -O2 -Wall -fPIC -fno-strict-aliasing -O2 -DUSE_RANDR_EXT -DGL_GLEXT_PROTOTYPES   conftest.cpp -lSM  -lICE -lXext -lX11 -lm  >&5
configure:5951: $? = 0
configure:5960: result: yes
configure:5973: checking for XtDisplay in -lXt
configure:5998: g++ -o conftest -g -O2 -Wall -fPIC -fno-strict-aliasing -O2 -DUSE_RANDR_EXT -DGL_GLEXT_PROTOTYPES   conftest.cpp -lXt  -lSM -lICE -lXext -lX11 -lm  >&5
configure:5998: $? = 0
configure:6007: result: yes
configure:6020: checking for XOpenDevice in -lXi
configure:6045: g++ -o conftest -g -O2 -Wall -fPIC -fno-strict-aliasing -O2 -DUSE_RANDR_EXT -DGL_GLEXT_PROTOTYPES   conftest.cpp -lXi  -lXt -lSM -lICE -lXext -lX11 -lm  >&5
configure:6045: $? = 0
configure:6054: result: yes
configure:6067: checking for XmuSimpleErrorHandler in -lXmu
configure:6092: g++ -o conftest -g -O2 -Wall -fPIC -fno-strict-aliasing -O2 -DUSE_RANDR_EXT -DGL_GLEXT_PROTOTYPES   conftest.cpp -lXmu  -lXi -lXt -lSM -lICE -lXext -lX11 -lm  >&5
configure:6092: $? = 0
configure:6101: result: yes
configure:6114: checking for XF86VidModeSetViewPort in -lXxf86vm
configure:6139: g++ -o conftest -g -O2 -Wall -fPIC -fno-strict-aliasing -O2 -DUSE_RANDR_EXT -DGL_GLEXT_PROTOTYPES   conftest.cpp -lXxf86vm  -lXmu -lXi -lXt -lSM -lICE -lXext -lX11 -lm  >&5
configure:6139: $? = 0
configure:6148: result: yes
configure:6161: checking for XRenderSetSubpixelOrder in -lXrender
configure:6186: g++ -o conftest -g -O2 -Wall -fPIC -fno-strict-aliasing -O2 -DUSE_RANDR_EXT -DGL_GLEXT_PROTOTYPES   conftest.cpp -lXrender  -lXxf86vm -lXmu -lXi -lXt -lSM -lICE -lXext -lX11 -lm  >&5
configure:6186: $? = 0
configure:6195: result: yes
configure:6208: checking for XRRQueryVersion in -lXrandr
configure:6233: g++ -o conftest -g -O2 -Wall -fPIC -fno-strict-aliasing -O2 -DUSE_RANDR_EXT -DGL_GLEXT_PROTOTYPES   conftest.cpp -lXrandr  -lXrender -lXxf86vm -lXmu -lXi -lXt -lSM -lICE -lXext -lX11 -lm  >&5
configure:6233: $? = 0
configure:6242: result: yes
configure:6255: checking for alEnable in -lopenal
configure:6280: g++ -o conftest -g -O2 -Wall -fPIC -fno-strict-aliasing -O2 -DUSE_RANDR_EXT -DGL_GLEXT_PROTOTYPES   conftest.cpp -lopenal  -lXrandr -lXrender -lXxf86vm -lXmu -lXi -lXt -lSM -lICE -lXext -lX11 -lm  >&5
configure:6280: $? = 0
configure:6289: result: yes
configure:6297: checking for alutLoadWAVFile in -lalut
configure:6322: g++ -o conftest -g -O2 -Wall -fPIC -fno-strict-aliasing -O2 -DUSE_RANDR_EXT -DGL_GLEXT_PROTOTYPES   -lopenal conftest.cpp -lalut  -lXrandr -lXrender -lXxf86vm -lXmu -lXi -lXt -lSM -lICE -lXext -lX11 -lm  >&5
configure:6322: $? = 0
configure:6331: result: yes
configure:6339: checking for ov_fopen in -lvorbisfile
configure:6364: g++ -o conftest -g -O2 -Wall -fPIC -fno-strict-aliasing -O2 -DUSE_RANDR_EXT -DGL_GLEXT_PROTOTYPES   -lopenal -lalut conftest.cpp -lvorbisfile  -lXrandr -lXrender -lXxf86vm -lXmu -lXi -lXt -lSM -lICE -lXext -lX11 -lm  >&5
configure:6364: $? = 0
configure:6373: result: yes
configure:6382: checking for dlopen in -ldl
configure:6407: g++ -o conftest -g -O2 -Wall -fPIC -fno-strict-aliasing -O2 -DUSE_RANDR_EXT -DGL_GLEXT_PROTOTYPES   -lopenal -lalut -lvorbisfile conftest.cpp -ldl  -lXrandr -lXrender -lXxf86vm -lXmu -lXi -lXt -lSM -lICE -lXext -lX11 -lm  >&5
configure:6407: $? = 0
configure:6416: result: yes
configure:6427: checking for dlopen
configure:6427: g++ -o conftest -g -O2 -Wall -fPIC -fno-strict-aliasing -O2 -DUSE_RANDR_EXT -DGL_GLEXT_PROTOTYPES   -lopenal -lalut -lvorbisfile conftest.cpp -ldl -lXrandr -lXrender -lXxf86vm -lXmu -lXi -lXt -lSM -lICE -lXext -lX11 -lm  >&5
configure:6427: $? = 0
configure:6427: result: yes
configure:6437: checking for strndup
configure:6437: g++ -o conftest -g -O2 -Wall -fPIC -fno-strict-aliasing -O2 -DUSE_RANDR_EXT -DGL_GLEXT_PROTOTYPES   -lopenal -lalut -lvorbisfile conftest.cpp -ldl -lXrandr -lXrender -lXxf86vm -lXmu -lXi -lXt -lSM -lICE -lXext -lX11 -lm  >&5
configure:6437: $? = 0
configure:6437: result: yes
configure:6447: checking for crc32 in -lz
configure:6472: g++ -o conftest -g -O2 -Wall -fPIC -fno-strict-aliasing -O2 -DUSE_RANDR_EXT -DGL_GLEXT_PROTOTYPES   -lopenal -lalut -lvorbisfile conftest.cpp -lz  -ldl -lXrandr -lXrender -lXxf86vm -lXmu -lXi -lXt -lSM -lICE -lXext -lX11 -lm  >&5
configure:6472: $? = 0
configure:6481: result: yes
configure:6494: checking for png_init_io in -lpng
configure:6519: g++ -o conftest -g -O2 -Wall -fPIC -fno-strict-aliasing -O2 -DUSE_RANDR_EXT -DGL_GLEXT_PROTOTYPES   -lopenal -lalut -lvorbisfile conftest.cpp -lpng  -lz -ldl -lXrandr -lXrender -lXxf86vm -lXmu -lXi -lXt -lSM -lICE -lXext -lX11 -lm  >&5
configure:6519: $? = 0
configure:6528: result: yes
configure:6542: checking for glGetString in -lGL
configure:6567: g++ -o conftest -g -O2 -Wall -fPIC -fno-strict-aliasing -O2 -DUSE_RANDR_EXT -DGL_GLEXT_PROTOTYPES   -lopenal -lalut -lvorbisfile conftest.cpp -lGL  -lpng -lz -ldl -lXrandr -lXrender -lXxf86vm -lXmu -lXi -lXt -lSM -lICE -lXext -lX11 -lm  >&5
configure:6567: $? = 0
configure:6576: result: yes
configure:6589: checking for gluOrtho2D in -lGLU
configure:6614: g++ -o conftest -g -O2 -Wall -fPIC -fno-strict-aliasing -O2 -DUSE_RANDR_EXT -DGL_GLEXT_PROTOTYPES   -lopenal -lalut -lvorbisfile conftest.cpp -lGLU  -lGL -lpng -lz -ldl -lXrandr -lXrender -lXxf86vm -lXmu -lXi -lXt -lSM -lICE -lXext -lX11 -lm  >&5
configure:6614: $? = 0
configure:6623: result: yes
configure:6636: checking for glutSwapBuffers in -lglut
configure:6661: g++ -o conftest -g -O2 -Wall -fPIC -fno-strict-aliasing -O2 -DUSE_RANDR_EXT -DGL_GLEXT_PROTOTYPES   -lopenal -lalut -lvorbisfile conftest.cpp -lglut  -lGLU -lGL -lpng -lz -ldl -lXrandr -lXrender -lXxf86vm -lXmu -lXi -lXt -lSM -lICE -lXext -lX11 -lm  >&5
configure:6661: $? = 0
configure:6670: result: yes
configure:6684: checking for main in -lplibul
configure:6703: g++ -o conftest -g -O2 -Wall -fPIC -fno-strict-aliasing -O2 -DUSE_RANDR_EXT -DGL_GLEXT_PROTOTYPES   -lopenal -lalut -lvorbisfile conftest.cpp -lplibul  -lglut -lGLU -lGL -lpng -lz -ldl -lXrandr -lXrender -lXxf86vm -lXmu -lXi -lXt -lSM -lICE -lXext -lX11 -lm  >&5
configure:6703: $? = 0
configure:6712: result: yes
configure:6725: checking for main in -lplibsg
configure:6744: g++ -o conftest -g -O2 -Wall -fPIC -fno-strict-aliasing -O2 -DUSE_RANDR_EXT -DGL_GLEXT_PROTOTYPES   -lopenal -lalut -lvorbisfile conftest.cpp -lplibsg  -lplibul -lglut -lGLU -lGL -lpng -lz -ldl -lXrandr -lXrender -lXxf86vm -lXmu -lXi -lXt -lSM -lICE -lXext -lX11 -lm  >&5
configure:6744: $? = 0
configure:6753: result: yes
configure:6766: checking for main in -lplibsl
configure:6785: g++ -o conftest -g -O2 -Wall -fPIC -fno-strict-aliasing -O2 -DUSE_RANDR_EXT -DGL_GLEXT_PROTOTYPES   -lopenal -lalut -lvorbisfile conftest.cpp -lplibsl  -lplibsg -lplibul -lglut -lGLU -lGL -lpng -lz -ldl -lXrandr -lXrender -lXxf86vm -lXmu -lXi -lXt -lSM -lICE -lXext -lX11 -lm  >&5
configure:6785: $? = 0
configure:6794: result: yes
configure:6807: checking for main in -lplibsm
configure:6826: g++ -o conftest -g -O2 -Wall -fPIC -fno-strict-aliasing -O2 -DUSE_RANDR_EXT -DGL_GLEXT_PROTOTYPES   -lopenal -lalut -lvorbisfile conftest.cpp -lplibsm  -lplibsl -lplibsg -lplibul -lglut -lGLU -lGL -lpng -lz -ldl -lXrandr -lXrender -lXxf86vm -lXmu -lXi -lXt -lSM -lICE -lXext -lX11 -lm  >&5
configure:6826: $? = 0
configure:6835: result: yes
configure:6848: checking for main in -lplibssg
configure:6867: g++ -o conftest -g -O2 -Wall -fPIC -fno-strict-aliasing -O2 -DUSE_RANDR_EXT -DGL_GLEXT_PROTOTYPES   -lopenal -lalut -lvorbisfile conftest.cpp -lplibssg  -lplibsm -lplibsl -lplibsg -lplibul -lglut -lGLU -lGL -lpng -lz -ldl -lXrandr -lXrender -lXxf86vm -lXmu -lXi -lXt -lSM -lICE -lXext -lX11 -lm  >&5
configure:6867: $? = 0
configure:6876: result: yes
configure:6889: checking for main in -lplibssgaux
configure:6908: g++ -o conftest -g -O2 -Wall -fPIC -fno-strict-aliasing -O2 -DUSE_RANDR_EXT -DGL_GLEXT_PROTOTYPES   -lopenal -lalut -lvorbisfile conftest.cpp -lplibssgaux  -lplibssg -lplibsm -lplibsl -lplibsg -lplibul -lglut -lGLU -lGL -lpng -lz -ldl -lXrandr -lXrender -lXxf86vm -lXmu -lXi -lXt -lSM -lICE -lXext -lX11 -lm  >&5
configure:6908: $? = 0
configure:6917: result: yes
configure:6930: checking for main in -lplibjs
configure:6949: g++ -o conftest -g -O2 -Wall -fPIC -fno-strict-aliasing -O2 -DUSE_RANDR_EXT -DGL_GLEXT_PROTOTYPES   -lopenal -lalut -lvorbisfile conftest.cpp -lplibjs  -lplibssgaux -lplibssg -lplibsm -lplibsl -lplibsg -lplibul -lglut -lGLU -lGL -lpng -lz -ldl -lXrandr -lXrender -lXxf86vm -lXmu -lXi -lXt -lSM -lICE -lXext -lX11 -lm  >&5
configure:6949: $? = 0
configure:6958: result: yes
configure:6973: checking for plib 1.8.3 or newer
configure:6994: g++ -o conftest -g -O2 -Wall -fPIC -fno-strict-aliasing -O2 -DUSE_RANDR_EXT -DGL_GLEXT_PROTOTYPES   -lopenal -lalut -lvorbisfile conftest.cpp -lplibjs -lplibssgaux -lplibssg -lplibsm -lplibsl -lplibsg -lplibul -lglut -lGLU -lGL -lpng -lz -ldl -lXrandr -lXrender -lXxf86vm -lXmu -lXi -lXt -lSM -lICE -lXext -lX11 -lm  >&5
configure:6994: $? = 0
configure:6994: ./conftest
configure:6994: $? = 0
configure:6995: result: yes
configure:7008: checking for GL_VERSION_1_3
configure:7028: g++ -o conftest -g -O2 -Wall -fPIC -fno-strict-aliasing -O2 -DUSE_RANDR_EXT -DGL_GLEXT_PROTOTYPES   -lopenal -lalut -lvorbisfile conftest.cpp -lplibjs -lplibssgaux -lplibssg -lplibsm -lplibsl -lplibsg -lplibul -lglut -lGLU -lGL -lpng -lz -ldl -lXrandr -lXrender -lXxf86vm -lXmu -lXi -lXt -lSM -lICE -lXext -lX11 -lm  >&5
configure:7028: $? = 0
configure:7028: ./conftest
configure:7028: $? = 0
configure:7029: result: yes
configure:7041: checking for GL_ARB_texture_compression
configure:7061: g++ -o conftest -g -O2 -Wall -fPIC -fno-strict-aliasing -O2 -DUSE_RANDR_EXT -DGL_GLEXT_PROTOTYPES   -lopenal -lalut -lvorbisfile conftest.cpp -lplibjs -lplibssgaux -lplibssg -lplibsm -lplibsl -lplibsg -lplibul -lglut -lGLU -lGL -lpng -lz -ldl -lXrandr -lXrender -lXxf86vm -lXmu -lXi -lXt -lSM -lICE -lXext -lX11 -lm  >&5
configure:7061: $? = 0
configure:7061: ./conftest
configure:7061: $? = 0
configure:7062: result: yes
configure:7192: checking that generated files are newer than configure
configure:7198: result: done
configure:7226: creating ./config.status

## ---------------------- ##
## Running config.status. ##
## ---------------------- ##

This file was extended by config.status, which was
generated by GNU Autoconf 2.69.  Invocation command line was

  CONFIG_FILES    = 
  CONFIG_HEADERS  = 
  CONFIG_LINKS    = 
  CONFIG_COMMANDS = 
  $ ./config.status 

on jiaxu-ThinkPad-T470

config.status:910: creating Make-config
config.status:910: creating src/linux/torcs
config.status:910: creating src/tools/accc/accc
config.status:910: creating src/tools/nfs2ac/nfs2ac
config.status:910: creating src/tools/nfsperf/nfsperf
config.status:910: creating src/tools/texmapper/texmapper
config.status:910: creating src/tools/trackgen/trackgen
config.status:910: creating src/doc/torcsdoc.conf
config.status:910: creating src/tools/package/specfiles/torcs-data.spec
config.status:910: creating src/tools/package/specfiles/torcs-data-cars-Patwo-Design.spec
config.status:910: creating src/tools/package/specfiles/torcs-data-cars-kcendra-gt.spec
config.status:910: creating src/tools/package/specfiles/torcs-data-cars-kcendra-sport.spec
config.status:910: creating src/tools/package/specfiles/torcs-data-cars-kcendra-roadsters.spec
config.status:910: creating src/tools/package/specfiles/torcs-data-cars-extra.spec
config.status:910: creating src/tools/package/specfiles/torcs-data-tracks-base.spec
config.status:910: creating src/tools/package/specfiles/torcs-robot-K1999.spec
config.status:910: creating src/tools/package/specfiles/torcs-robot-base.spec
config.status:910: creating src/tools/package/specfiles/torcs.spec
config.status:910: creating config.h
config.status:1091: config.h is unchanged
config.status:1139: executing depfiles commands

## ---------------- ##
## Cache variables. ##
## ---------------- ##

ac_cv_c_bigendian=no
ac_cv_c_compiler_gnu=yes
ac_cv_c_const=yes
ac_cv_c_inline=inline
ac_cv_cxx_compiler_gnu=yes
ac_cv_env_CCC_set=
ac_cv_env_CCC_value=
ac_cv_env_CC_set=
ac_cv_env_CC_value=
ac_cv_env_CFLAGS_set=
ac_cv_env_CFLAGS_value=
ac_cv_env_CPPFLAGS_set=
ac_cv_env_CPPFLAGS_value=
ac_cv_env_CPP_set=
ac_cv_env_CPP_value=
ac_cv_env_CXXCPP_set=
ac_cv_env_CXXCPP_value=
ac_cv_env_CXXFLAGS_set=
ac_cv_env_CXXFLAGS_value=
ac_cv_env_CXX_set=
ac_cv_env_CXX_value=
ac_cv_env_LDFLAGS_set=
ac_cv_env_LDFLAGS_value=
ac_cv_env_LIBS_set=
ac_cv_env_LIBS_value=
ac_cv_env_XMKMF_set=
ac_cv_env_XMKMF_value=
ac_cv_env_build_alias_set=
ac_cv_env_build_alias_value=
ac_cv_env_host_alias_set=
ac_cv_env_host_alias_value=
ac_cv_env_target_alias_set=
ac_cv_env_target_alias_value=
ac_cv_func_dlopen=yes
ac_cv_func_strndup=yes
ac_cv_have_x='have_x=yes	ac_x_includes='\'''\''	ac_x_libraries='\'''\'''
ac_cv_header_AL_al_h=yes
ac_cv_header_AL_alut_h=yes
ac_cv_header_GL_gl_h=yes
ac_cv_header_GL_glut_h=yes
ac_cv_header_GL_glx_h=yes
ac_cv_header_X11_Xatom_h=yes
ac_cv_header_X11_Xlib_h=yes
ac_cv_header_X11_keysym_h=yes
ac_cv_header_inttypes_h=yes
ac_cv_header_memory_h=yes
ac_cv_header_plib_js_h=yes
ac_cv_header_plib_ssgAux_h=yes
ac_cv_header_plib_ssg_h=yes
ac_cv_header_plib_ul_h=yes
ac_cv_header_stdc=yes
ac_cv_header_stdint_h=yes
ac_cv_header_stdlib_h=yes
ac_cv_header_string_h=yes
ac_cv_header_strings_h=yes
ac_cv_header_sys_stat_h=yes
ac_cv_header_sys_types_h=yes
ac_cv_header_time=yes
ac_cv_header_unistd_h=yes
ac_cv_header_vorbis_vorbisfile_h=yes
ac_cv_lib_GLU_gluOrtho2D=yes
ac_cv_lib_GL_glGetString=yes
ac_cv_lib_ICE_IceSetIOErrorHandler=yes
ac_cv_lib_SM_SmsSetErrorHandler=yes
ac_cv_lib_X11_XOpenDisplay=yes
ac_cv_lib_Xext_XShmCreateImage=yes
ac_cv_lib_Xi_XOpenDevice=yes
ac_cv_lib_Xmu_XmuSimpleErrorHandler=yes
ac_cv_lib_Xrandr_XRRQueryVersion=yes
ac_cv_lib_Xrender_XRenderSetSubpixelOrder=yes
ac_cv_lib_Xt_XtDisplay=yes
ac_cv_lib_Xxf86vm_XF86VidModeSetViewPort=yes
ac_cv_lib_alut_alutLoadWAVFile=yes
ac_cv_lib_dl_dlopen=yes
ac_cv_lib_glut_glutSwapBuffers=yes
ac_cv_lib_m_sin=yes
ac_cv_lib_openal_alEnable=yes
ac_cv_lib_plibjs_main=yes
ac_cv_lib_plibsg_main=yes
ac_cv_lib_plibsl_main=yes
ac_cv_lib_plibsm_main=yes
ac_cv_lib_plibssg_main=yes
ac_cv_lib_plibssgaux_main=yes
ac_cv_lib_plibul_main=yes
ac_cv_lib_png_png_init_io=yes
ac_cv_lib_vorbisfile_ov_fopen=yes
ac_cv_lib_z_crc32=yes
ac_cv_objext=o
ac_cv_path_EGREP='/bin/grep -E'
ac_cv_path_GREP=/bin/grep
ac_cv_path_install='/usr/bin/install -c'
ac_cv_path_mkdir=/bin/mkdir
ac_cv_prog_AR=ar
ac_cv_prog_AWK=mawk
ac_cv_prog_CPP='gcc -E'
ac_cv_prog_CXXCPP='g++ -E'
ac_cv_prog_LD=ld
ac_cv_prog_ac_ct_CC=gcc
ac_cv_prog_ac_ct_CXX=g++
ac_cv_prog_ac_ct_RANLIB=ranlib
ac_cv_prog_cc_c89=
ac_cv_prog_cc_g=yes
ac_cv_prog_cxx_g=yes
ac_cv_prog_make_make_set=yes
am_cv_CC_dependencies_compiler_type=none
am_cv_CXX_dependencies_compiler_type=none
am_cv_make_support_nested_variables=yes
am_cv_prog_cc_c_o=yes

## ----------------- ##
## Output variables. ##
## ----------------- ##

ACLOCAL='aclocal-1.14'
AMDEPBACKSLASH='\'
AMDEP_FALSE='#'
AMDEP_TRUE=''
AMTAR='$${TAR-tar}'
AM_BACKSLASH='\'
AM_DEFAULT_V='$(AM_DEFAULT_VERBOSITY)'
AM_DEFAULT_VERBOSITY='1'
AM_V='$(V)'
AR='ar'
AUTOCONF='autoconf'
AUTOHEADER='autoheader'
AUTOMAKE='automake-1.14'
AWK='mawk'
CC='gcc'
CCDEPMODE='depmode=none'
CFLAGS='-g -O2 -Wall -fPIC -fno-strict-aliasing -O2 -DUSE_RANDR_EXT -DGL_GLEXT_PROTOTYPES -Wall -fPIC -fno-strict-aliasing -O2 -DUSE_RANDR_EXT -DGL_GLEXT_PROTOTYPES'
CPP='gcc -E'
CPPFLAGS=''
CXX='g++'
CXXCPP='g++ -E'
CXXDEPMODE='depmode=none'
CXXFLAGS='-g -O2 -Wall -fPIC -fno-strict-aliasing -O2 -DUSE_RANDR_EXT -DGL_GLEXT_PROTOTYPES -Wall -fPIC -fno-strict-aliasing -O2 -DUSE_RANDR_EXT -DGL_GLEXT_PROTOTYPES'
CYGPATH_W='echo'
DEFS='-DHAVE_CONFIG_H'
DEPDIR='.deps'
ECHO_C=''
ECHO_N='-n'
ECHO_T=''
EGREP='/bin/grep -E'
EXEEXT=''
GREP='/bin/grep'
INSTALL_DATA='${INSTALL} -m 644'
INSTALL_PROGRAM='${INSTALL}'
INSTALL_SCRIPT='${INSTALL}'
INSTALL_STRIP_PROGRAM='$(install_sh) -c -s'
LD='ld'
LDFLAGS=' -lopenal -lalut -lvorbisfile'
LIBOBJS=''
LIBS='-lplibjs -lplibssgaux -lplibssg -lplibsm -lplibsl -lplibsg -lplibul -lglut -lGLU -lGL -lpng -lz -ldl -lXrandr -lXrender -lXxf86vm -lXmu -lXi -lXt -lSM -lICE -lXext -lX11 -lm '
LTLIBOBJS=''
MAKEINFO='makeinfo'
MKDIR_P='/bin/mkdir -p'
OBJEXT='o'
PACKAGE='torcs'
PACKAGE_BUGREPORT=''
PACKAGE_NAME=''
PACKAGE_STRING=''
PACKAGE_TARNAME=''
PACKAGE_URL=''
PACKAGE_VERSION=''
PATH_SEPARATOR=':'
RANLIB='ranlib'
SET_MAKE=''
SHELL='/bin/bash'
STRIP=''
TORCS_BASE='/home/mingfei/Documents/InfoGAIL/torcs-1.3.4'
VERSION='1.3.4'
XMKMF=''
ac_ct_CC='gcc'
ac_ct_CXX='g++'
am__EXEEXT_FALSE=''
am__EXEEXT_TRUE='#'
am__fastdepCC_FALSE=''
am__fastdepCC_TRUE='#'
am__fastdepCXX_FALSE=''
am__fastdepCXX_TRUE='#'
am__include='include'
am__isrc=''
am__leading_dot='.'
am__nodep='_no'
am__quote=''
am__tar='$${TAR-tar} chof - "$$tardir"'
am__untar='$${TAR-tar} xf -'
bindir='${exec_prefix}/bin'
build_alias=''
datadir='${datarootdir}'
datarootdir='${prefix}/share'
docdir='${datarootdir}/doc/${PACKAGE}'
dvidir='${docdir}'
exec_prefix='${prefix}'
host_alias=''
htmldir='${docdir}'
includedir='${prefix}/include'
infodir='${datarootdir}/info'
install_sh='${SHELL} /home/mingfei/Documents/InfoGAIL/torcs-1.3.4/install-sh'
libdir='${exec_prefix}/lib'
libexecdir='${exec_prefix}/libexec'
localedir='${datarootdir}/locale'
localstatedir='${prefix}/var'
mandir='${datarootdir}/man'
mkdir_p='$(MKDIR_P)'
oldincludedir='/usr/include'
pdfdir='${docdir}'
prefix='/usr/local'
program_transform_name='s,x,x,'
psdir='${docdir}'
sbindir='${exec_prefix}/sbin'
sharedstatedir='${prefix}/com'
sysconfdir='${prefix}/etc'
target_alias=''

## ----------- ##
## confdefs.h. ##
## ----------- ##

/* confdefs.h */
#define PACKAGE_NAME ""
#define PACKAGE_TARNAME ""
#define PACKAGE_VERSION ""
#define PACKAGE_STRING ""
#define PACKAGE_BUGREPORT ""
#define PACKAGE_URL ""
#define PACKAGE "torcs"
#define VERSION "1.3.4"
#define STDC_HEADERS 1
#define TIME_WITH_SYS_TIME 1
#define HAVE_SYS_TYPES_H 1
#define HAVE_SYS_STAT_H 1
#define HAVE_STDLIB_H 1
#define HAVE_STRING_H 1
#define HAVE_MEMORY_H 1
#define HAVE_STRINGS_H 1
#define HAVE_INTTYPES_H 1
#define HAVE_STDINT_H 1
#define HAVE_UNISTD_H 1
#define HAVE_LIBM 1
#define HAVE_LIBX11 1
#define HAVE_LIBXEXT 1
#define HAVE_LIBICE 1
#define HAVE_LIBSM 1
#define HAVE_LIBXT 1
#define HAVE_LIBXI 1
#define HAVE_LIBXMU 1
#define HAVE_LIBXXF86VM 1
#define HAVE_LIBXRENDER 1
#define HAVE_LIBXRANDR 1
#define HAVE_LIBDL 1
#define HAVE_STRNDUP 1
#define HAVE_LIBZ 1
#define HAVE_LIBPNG 1
#define HAVE_LIBGL 1
#define HAVE_LIBGLU 1
#define HAVE_LIBGLUT 1
#define HAVE_LIBPLIBUL 1
#define HAVE_LIBPLIBSG 1
#define HAVE_LIBPLIBSL 1
#define HAVE_LIBPLIBSM 1
#define HAVE_LIBPLIBSSG 1
#define HAVE_LIBPLIBSSGAUX 1
#define HAVE_LIBPLIBJS 1

configure: exit 0
